-------- Log file Proxima.log -------

Executable: vplanet
Version: v1.0.0-463-gf4c1407fa28aa92ad128e0f96ea33bc17db653c5
System Name: Proxima
Primary Input File: vpl.in
Body File #1: star.in
Body File #2: b.in
Body File #3: c.in
Allow files to be overwitten: Yes
Mass Units: Kilograms
Length Units: Meters
Time Units: Seconds
Angle Units: Radians

------- FORMATTING -----
Verbosity Level: 5
Crossover Decade for Scientific Notation: 4
Number of Digits After Decimal: 6
Integration Method: Runge-Kutta4
Direction: Forward
Time Step: 3.155760e+07
Stop Time: 2.209032e+17
Output Interval: 3.155760e+11
Use Variable Timestep: Yes
dEta: 0.010000
Minimum Value of ecc and obl: 1.000000e-10


---- INITIAL SYSTEM PROPERTIES ----
(Age) System Age [sec]: 3.155760e+13 
(Time) Simulation Time [sec]: 0.000000 
(TotAngMom) Total Angular Momentum [kg*m^2/sec]: 2.312761e+41 
(TotEnergy) Total System Energy [kg*m^2/sec^2]: -2.861148e+39 
(PotEnergy) Body's non-orbital Potential Energy [kg*m^2/sec^2]: -2.861094e+39 
(KinEnergy) Body's non-orbital Kinetic Energy [kg*m^2/sec^2]: 1.040348e+34 
(DeltaTime) Average Timestep Over Last Output Interval [sec]: 0.000000 
(Density) Average Density [kg/m^3]: 1975.037251 
(LongP) Body's Longitude of pericenter [rad]: 0.000000 
(LXUVTot) Total XUV Luminosity [kg*m^2/sec^2/(m^2*sec)]: 3.574100e+22 

----- BODY: Proxima ----
Active Modules: EqTide STELLAR
Module Bit Sum: 67
Color: 000000
(Mass) Mass [kg]: 2.386099e+29 
(Obliquity) Obliquity [rad]: 0.000000 
(PrecA) Body's precession angle [rad]: 0.000000 
(Xobl) Body's sin(obl)*cos(pA) []: 0.000000 
(Yobl) Body's sin(obl)*sin(pA) []: 0.000000 
(Zobl) Body's cos(obl) []: 1.000000 
(Radius) Radius [m]: 7.968941e+08 
(RadGyra) Radius of Gyration []: 0.443315 
(RotAngMom) Rotational Angular Momentum [kg*m^2/sec]: 2.489211e+40 
(RotKinEnergy) Body's Rotational Energy [kg*m^2/sec^2]: 1.040348e+34 
(RotVel) Rotational Velocity [m/sec]: 666.112338 
(BodyType) Type of Body (0 == planet) []: 0.000000 
(RotRate) Rotational Frequency [/sec]: 8.358857e-07 
(RotPer) Rotational Period [sec]: 7.516800e+06 
(SurfEnFluxTotal) Total Surface Energy Flux [kg*m^2/sec^2/(m^2*sec)]: 0.000955 
(TidalQ) Tidal Q []: 1.000000e+06 
(ImK2) Im(k_2) []: -5.000000e-07 
(K2) k_2 []: 0.500000 
(K2Man) Real Love Number k2 Mantle []: 0.010000 
(Imk2Man) Imaginary Love Number k2 Mantle []: 0.000000 
(TidalQMantle) Mantle's Tidal Q []: 100.000000 
(HEcc) Poincare's h (=e*sin(varpi) []: 0.000000 
(HZLimitDryRunaway) Semi-major axis of Dry Runaway HZ Limit [m]: 4.139276e+10 
(HZLimRecVenus) Recent Venus Habitable Zone Limit [m]: 3.723826e+10 
(HZLimRunaway) Runaway Greenhouse Habitable Zone Limit [m]: 4.901707e+10 
(HZLimMoistGreenhouse) Moist Greenhouse Habitable Zone Limit [m]: 4.927239e+10 
(HZLimMaxGreenhouse) Maximum Greenhouse Habitable Zone Limit [m]: 9.446038e+10 
(HZLimEarlyMars) Early Mars Habitable Zone Limit [m]: 1.030187e+11 
(Instellation) Orbit-averaged INcident STELLar radiATION [kg*m^2/sec^2/(m^2*sec)]: -1.000000 
(KEcc) Poincare's k (=e*cos(varpi) []: 0.000000 
(Eccentricity) Orbital Eccentricity []: -1.000000 
(OrbEnergy) Body's Total Orbital Energy [kg*m^2/sec^2]: 0.000000 
(MeanMotion) Orbital Mean Motion [/sec]: -1.000000 
(OrbPeriod) Orbital Period [sec]: -1.000000 
(SemiMajorAxis) Semi-major Axis [m]: -1.000000 
(CriticalSemiMajorAxis) Holman & Wiegert (1999) P-type Critical Semi-major Axis [m]: -1.000000 
(OrbAngMom) Orbital Angular Momentum [kg*m^2/sec]: 0.000000 
(TotOrbEnergy) System's Total Orbital Energy [kg*m^2/sec^2]: -2.985332e+34 
(OrbPotEnergy) Body's Orbital Potential Energy [kg*m^2/sec^2]: -1.000000 
(LostEnergy) Body's Total Lost Energy [kg*m^2/sec^2]: 5.562685e-309 
(LostAngMom) Lost Angular Momentum due to Magnetic Braking [kg*m^2/sec]: 5.562685e-309 
----- EQTIDE PARAMETERS (Proxima)------
(LockTime) Time when body tidally locked. [sec]: -1.000000 
(BodyDsemiDtEqtide) Body's Contribution to dSemi/dt in EQTIDE []: -1.000000 
(BodyDeccDt) Body's Contribution to dEcc/dt in EQTIDE []: -1.000000 
(DOblDtEqtide) Time Rate of Change of Obliquity in EQTIDE [rad/sec]: 0.000000 
(DRotPerDtEqtide) Time Rate of Change of Rotation Period in EQTIDE []: -1.682269e-13 
(DRotRateDtEqtide) Time Rate of Change of Rotational Frequency in EQTIDE [/sec^2]: 1.870722e-26 
(EqRotRateDiscrete) CPL2 Discrete Equilibrium Spin Rate [/sec]: 1.293235e-05 
(EqRotPerDiscrete) CPL2 Discrete Equilibrium Spin Period [sec]: 4.858503e+05 
(EqRotRateCont) CPL2 Continuous Equilibrium Spin Rate [/sec]: 4.322637e-05 
(EqRotPerCont) CPL2 Continuous Equilibrium Rotation Period [sec]: 1.453554e+05 
(EqRotPer) Equilibrium Rotation Period [sec]: 4.858503e+05 
(EqRotRate) Equilibrium Rotation Rate [/sec]: 1.293235e-05 
(GammaRot) Gamma_Rotation [cgs]: -1.000000 
(GammaOrb) Gamma_Orbital [cgs]: -1.000000 
(OceanK2) K2_Ocean []: 0.010000 
(EnvTidalQ) Envelope Tidal Q []: -1.000000 
(OceanTidalQ) Ocean Tidal Q []: -1.000000 
(TideLock) Tidally Locked? []: 0.000000 
(RotTimeEqtide) Timescale for Rotational Evolution in EQTIDE [sec]: 1.870723e-26 
(EnvK2) K2_Env []: 0.010000 
(OblTimeEqtide) Timescale for Obliquity Evolution in EQTIDE []: -1.000000 
(PowerEqtide) Internal Power due to Tides in EQTIDE [kg*m^2/sec^3]: 7.623068e+15 
(SurfEnFluxEqtide) Surface Energy Flux due to Tides in EQTIDE [kg*m^2/sec^2/(m^2*sec)]: 0.000955 
Tidal Perturbers: ProximaB, ProximaC
----- STELLAR PARAMETERS (Proxima)------
(Luminosity) Luminosity [kg*m^2/sec^3]: 3.574100e+25 
(LXUVStellar) Base X-ray/XUV Luminosity [kg*m^2/sec^3]: 3.574100e+22 
(Temperature) Effective Temperature [K]: 2980.308267 
(LXUVFrac) X-ray/XUV Luminosity Fraction []: 0.001000 
(RossbyNumber) Rossby Number []: 1.273959 
(DRotPerDtStellar) Time Rate of Change of Rotation Period in STELLAR []: -6.898845e-10 
Output Order: Time[year]
Grid Output Order:

----- BODY: ProximaB ----
Active Modules: DistOrb EqTide
Module Bit Sum: 19
Color: 000000
(Mass) Mass [kg]: 1.952905e+25 
(Obliquity) Obliquity [rad]: 0.000000 
(PrecA) Body's precession angle [rad]: 0.000000 
(Xobl) Body's sin(obl)*cos(pA) []: 0.000000 
(Yobl) Body's sin(obl)*sin(pA) []: 0.000000 
(Zobl) Body's cos(obl) []: 1.000000 
(Radius) Radius [m]: 8.803357e+06 
(RadGyra) Radius of Gyration []: 0.500000 
(RotAngMom) Rotational Angular Momentum [kg*m^2/sec]: 2.751591e+34 
(RotKinEnergy) Body's Rotational Energy [kg*m^2/sec^2]: 1.000507e+30 
(RotVel) Rotational Velocity [m/sec]: 640.198185 
(BodyType) Type of Body (0 == planet) []: 0.000000 
(RotRate) Rotational Frequency [/sec]: 7.272205e-05 
(RotPer) Rotational Period [days]: 1.000000 
(SurfEnFluxTotal) Total Surface Energy Flux [kg*m^2/sec^2/(m^2*sec)]: 5016.894092 
(TidalQ) Tidal Q []: 100.000000 
(ImK2) Im(k_2) []: -0.003000 
(K2) k_2 []: 0.300000 
(K2Man) Real Love Number k2 Mantle []: 0.010000 
(Imk2Man) Imaginary Love Number k2 Mantle []: 0.000000 
(TidalQMantle) Mantle's Tidal Q []: 100.000000 
(HEcc) Poincare's h (=e*sin(varpi) []: 0.001136 
(HZLimitDryRunaway) Semi-major axis of Dry Runaway HZ Limit [m]: 5.446887e+10 
(HZLimRecVenus) Recent Venus Habitable Zone Limit [m]: 3.723826e+10 
(HZLimRunaway) Runaway Greenhouse Habitable Zone Limit [m]: 4.901707e+10 
(HZLimMoistGreenhouse) Moist Greenhouse Habitable Zone Limit [m]: 4.927239e+10 
(HZLimMaxGreenhouse) Maximum Greenhouse Habitable Zone Limit [m]: 9.446038e+10 
(HZLimEarlyMars) Early Mars Habitable Zone Limit [m]: 1.030187e+11 
(Instellation) Orbit-averaged INcident STELLar radiATION [kg*m^2/sec^2/(m^2*sec)]: 1.045226e+05 
(KEcc) Poincare's k (=e*cos(varpi) []: 0.649999 
(Eccentricity) Orbital Eccentricity []: 0.650000 
(OrbEnergy) Body's Total Orbital Energy [kg*m^2/sec^2]: -2.598715e+34 
(MeanMotion) Orbital Mean Motion [/sec]: 8.621565e-06 
(OrbPeriod) Orbital Period [sec]: 7.287755e+05 
(SemiMajorAxis) Semi-major Axis [m]: 5.983915e+09 
(CriticalSemiMajorAxis) Holman & Wiegert (1999) P-type Critical Semi-major Axis [m]: -1.000000 
(OrbAngMom) Orbital Angular Momentum [kg*m^2/sec]: 4.581192e+39 
(ArgP) Body's argument of pericenter [rad]: 1.572543 
(Inc) Body's Inclination [rad]: 0.052360 
(LongA) Body's Longitude of ascending node [rad]: 4.712389 
(MeanLongitude) Orbital Mean Longitude [rad]: 0.001747 
(TotOrbEnergy) System's Total Orbital Energy [kg*m^2/sec^2]: -2.985332e+34 
(OrbPotEnergy) Body's Orbital Potential Energy [kg*m^2/sec^2]: -5.197429e+34 
(LostEnergy) Body's Total Lost Energy [kg*m^2/sec^2]: 5.562685e-309 
Mass-Radius Relationship: Bayless, A.J. & Orosz, J.A. 2006, ApJ, 651, 1155-1165.
----- EQTIDE PARAMETERS (ProximaB)------
(TidalRadius) Tidal Radius [m]: 8.803357e+06 
(DsemiDtEqtide) Total da/dt in EQTIDE [m/sec]: 2.478408e-07 
(DeccDtEqtide) Total de/dt in EQTIDE [/sec]: 9.996145e-18 
(DMeanMotionDtEqtide) Total dMeanMotion/dt in EQTIDE [/sec^2]: -5.356299e-22 
(DOrbPerDtEqtide) Total dOrbPer/dt in EQTIDE []: 4.527646e-11 
(EccTimeEqtide) Timescale for Eccentricity Evolution (e/[de/dt]) in EQTIDE [sec]: 6.502507e+16 
(SemiTimeEqtide) Timescale for Semi-major Axis Evolution (a/[da/dt]) in EQTIDE [sec]: 2.414418e+16 
(DHEccDtEqtide) Time Rate of Change of Poincare's h in EQTIDE [/sec]: 1.746400e-20 
(DKEccDtEqtide) Time Rate of Change of Poincare's k in EQTIDE [/sec]: 9.996129e-18 
(DXoblDtEqtide) Time Rate of Change of Laskar's X in EQTIDE [/sec]: 0.000000 
(DYoblDtEqtide) Time Rate of Change of Laskar's Y in EQTIDE [/sec]: 0.000000 
(DZoblDtEqtide) Time Rate of Change of Laskar's Z in EQTIDE [/sec]: 0.000000 
(LockTime) Time when body tidally locked. [sec]: -1.000000 
(BodyDsemiDtEqtide) Body's Contribution to dSemi/dt in EQTIDE []: -1.000000 
(BodyDeccDt) Body's Contribution to dEcc/dt in EQTIDE []: -1.000000 
(DOblDtEqtide) Time Rate of Change of Obliquity in EQTIDE [rad/sec]: 0.000000 
(DRotPerDtEqtide) Time Rate of Change of Rotation Period in EQTIDE []: 2.577857e-07 
(DRotRateDtEqtide) Time Rate of Change of Rotational Frequency in EQTIDE [/sec^2]: -2.169758e-16 
(EqRotRateDiscrete) CPL2 Discrete Equilibrium Spin Rate [/sec]: 1.293235e-05 
(EqRotPerDiscrete) CPL2 Discrete Equilibrium Spin Period [sec]: 4.858503e+05 
(EqRotRateCont) CPL2 Continuous Equilibrium Spin Rate [/sec]: 4.322637e-05 
(EqRotPerCont) CPL2 Continuous Equilibrium Rotation Period [sec]: 1.453554e+05 
(EqRotPer) Equilibrium Rotation Period [sec]: 4.858503e+05 
(EqRotRate) Equilibrium Rotation Rate [/sec]: 1.293235e-05 
(GammaRot) Gamma_Rotation [cgs]: -1.000000 
(GammaOrb) Gamma_Orbital [cgs]: -1.000000 
(OceanK2) K2_Ocean []: 0.010000 
(EnvTidalQ) Envelope Tidal Q []: -1.000000 
(OceanTidalQ) Ocean Tidal Q []: -1.000000 
(TideLock) Tidally Locked? []: 0.000000 
(RotTimeEqtide) Timescale for Rotational Evolution in EQTIDE [sec]: 3.351621e+11 
(EnvK2) K2_Env []: 0.010000 
(OblTimeEqtide) Timescale for Obliquity Evolution in EQTIDE []: -1.000000 
(PowerEqtide) Internal Power due to Tides in EQTIDE [kg*m^2/sec^3]: 4.885865e+18 
(SurfEnFluxEqtide) Surface Energy Flux due to Tides in EQTIDE [kg*m^2/sec^2/(m^2*sec)]: 5016.894092 
Tidal Perturbers: Proxima
----- DISTORB PARAMETERS (ProximaB)------
(Sinc) Body's sin(1/2*Inclination) in DistOrb []: 0.026177 
(Pinc) Body's p = s*sin(Omega) in DistOrb []: -0.026177 
(Qinc) Body's q = s* cos(Omega) in DistOrb []: -3.525767e-12 
(DIncDtDistOrb) Body's dInc/dt in DistOrb [rad/sec]: 1.951150e-17 
(DSincDtDistOrb) Body's dsin(.5*Inc)/dt in DistOrb [/sec]: 9.752406e-18 
(DLongADtDistOrb) Body's dOmega/dt in DistOrb [rad/sec]: -2.717029e-13 
(DLongPDtDistOrb) Body's dvarpi/dt in DistOrb [rad/sec]: 4.250146e-14 
(DHeccDtDistOrb) Body's dh/dt in DistOrb [/sec]: 2.762591e-14 
(DKeccDtDistOrb) Body's dk/dt in DistOrb [/sec]: -4.947801e-17 
(DPincDtDistOrb) Body's dp/dt in DistOrb [/sec]: -9.752405e-18 
(DQincDtDistOrb) Body's dq/dt in DistOrb [/sec]: -7.112353e-15 
Output Order: Time[year] SemiMajorAxis[AU] Eccentricity[] Inc[deg] RotPer[days] LongA[deg] LongP[deg] SurfEnFluxEqtide[solar*AU^2/year^2/(AU^2*year)]
Grid Output Order:

----- BODY: ProximaC ----
Active Modules: DistOrb EqTide
Module Bit Sum: 19
Color: 000000
(Mass) Mass [kg]: 1.074993e+26 
(Obliquity) Obliquity [rad]: 0.000000 
(PrecA) Body's precession angle [rad]: 0.000000 
(Xobl) Body's sin(obl)*cos(pA) []: 0.000000 
(Yobl) Body's sin(obl)*sin(pA) []: 0.000000 
(Zobl) Body's cos(obl) []: 1.000000 
(Radius) Radius [m]: 1.399992e+07 
(RadGyra) Radius of Gyration []: 0.500000 
(RotAngMom) Rotational Angular Momentum [kg*m^2/sec]: 3.830565e+35 
(RotKinEnergy) Body's Rotational Energy [kg*m^2/sec^2]: 1.392833e+31 
(RotVel) Rotational Velocity [m/sec]: 1018.102658 
(BodyType) Type of Body (0 == planet) []: 0.000000 
(RotRate) Rotational Frequency [/sec]: 7.272205e-05 
(RotPer) Rotational Period [days]: 1.000000 
(SurfEnFluxTotal) Total Surface Energy Flux [kg*m^2/sec^2/(m^2*sec)]: 2.305687e-06 
(TidalQ) Tidal Q []: 100.000000 
(ImK2) Im(k_2) []: -0.003000 
(K2) k_2 []: 0.300000 
(K2Man) Real Love Number k2 Mantle []: 0.010000 
(Imk2Man) Imaginary Love Number k2 Mantle []: 0.000000 
(TidalQMantle) Mantle's Tidal Q []: 100.000000 
(HEcc) Poincare's h (=e*sin(varpi) []: 1.687733e-05 
(HZLimitDryRunaway) Semi-major axis of Dry Runaway HZ Limit [m]: 4.139483e+10 
(HZLimRecVenus) Recent Venus Habitable Zone Limit [m]: 3.723826e+10 
(HZLimRunaway) Runaway Greenhouse Habitable Zone Limit [m]: 4.901707e+10 
(HZLimMoistGreenhouse) Moist Greenhouse Habitable Zone Limit [m]: 4.927239e+10 
(HZLimMaxGreenhouse) Maximum Greenhouse Habitable Zone Limit [m]: 9.446038e+10 
(HZLimEarlyMars) Early Mars Habitable Zone Limit [m]: 1.030187e+11 
(Instellation) Orbit-averaged INcident STELLar radiATION [kg*m^2/sec^2/(m^2*sec)]: 58.023552 
(KEcc) Poincare's k (=e*cos(varpi) []: 0.010000 
(Eccentricity) Orbital Eccentricity []: 0.010000 
(OrbEnergy) Body's Total Orbital Energy [kg*m^2/sec^2]: -3.866176e+33 
(MeanMotion) Orbital Mean Motion [/sec]: 3.831454e-08 
(OrbPeriod) Orbital Period [sec]: 1.639896e+08 
(SemiMajorAxis) Semi-major Axis [m]: 2.214048e+11 
(CriticalSemiMajorAxis) Holman & Wiegert (1999) P-type Critical Semi-major Axis [m]: -1.000000 
(OrbAngMom) Orbital Angular Momentum [kg*m^2/sec]: 2.018024e+41 
(ArgP) Body's argument of pericenter [rad]: 4.714077 
(Inc) Body's Inclination [rad]: 0.017453 
(LongA) Body's Longitude of ascending node [rad]: 1.570796 
(MeanLongitude) Orbital Mean Longitude [rad]: 0.001688 
(TotOrbEnergy) System's Total Orbital Energy [kg*m^2/sec^2]: -2.985332e+34 
(OrbPotEnergy) Body's Orbital Potential Energy [kg*m^2/sec^2]: -7.732352e+33 
(LostEnergy) Body's Total Lost Energy [kg*m^2/sec^2]: 5.562685e-309 
Mass-Radius Relationship: Bayless, A.J. & Orosz, J.A. 2006, ApJ, 651, 1155-1165.
----- EQTIDE PARAMETERS (ProximaC)------
(TidalRadius) Tidal Radius [m]: 1.399992e+07 
(DsemiDtEqtide) Total da/dt in EQTIDE [m/sec]: 1.749896e-16 
(DeccDtEqtide) Total de/dt in EQTIDE [/sec]: 1.874716e-29 
(DMeanMotionDtEqtide) Total dMeanMotion/dt in EQTIDE [/sec^2]: -4.542343e-35 
(DOrbPerDtEqtide) Total dOrbPer/dt in EQTIDE []: 1.944163e-19 
(EccTimeEqtide) Timescale for Eccentricity Evolution (e/[de/dt]) in EQTIDE [sec]: 5.334143e+26 
(SemiTimeEqtide) Timescale for Semi-major Axis Evolution (a/[da/dt]) in EQTIDE [sec]: 1.265246e+27 
(DHEccDtEqtide) Time Rate of Change of Poincare's h in EQTIDE [/sec]: 3.164018e-32 
(DKEccDtEqtide) Time Rate of Change of Poincare's k in EQTIDE [/sec]: 1.874713e-29 
(DXoblDtEqtide) Time Rate of Change of Laskar's X in EQTIDE [/sec]: 0.000000 
(DYoblDtEqtide) Time Rate of Change of Laskar's Y in EQTIDE [/sec]: 0.000000 
(DZoblDtEqtide) Time Rate of Change of Laskar's Z in EQTIDE [/sec]: 0.000000 
(LockTime) Time when body tidally locked. [sec]: -1.000000 
(BodyDsemiDtEqtide) Body's Contribution to dSemi/dt in EQTIDE []: -1.000000 
(BodyDeccDt) Body's Contribution to dEcc/dt in EQTIDE []: -1.000000 
(DOblDtEqtide) Time Rate of Change of Obliquity in EQTIDE [rad/sec]: 0.000000 
(DRotPerDtEqtide) Time Rate of Change of Rotation Period in EQTIDE []: 1.762280e-17 
(DRotRateDtEqtide) Time Rate of Change of Rotational Frequency in EQTIDE [/sec^2]: -1.483294e-26 
(EqRotRateDiscrete) CPL2 Discrete Equilibrium Spin Rate [/sec]: 3.831454e-08 
(EqRotPerDiscrete) CPL2 Discrete Equilibrium Spin Period [sec]: 1.639896e+08 
(EqRotRateCont) CPL2 Continuous Equilibrium Spin Rate [/sec]: 3.835094e-08 
(EqRotPerCont) CPL2 Continuous Equilibrium Rotation Period [sec]: 1.638340e+08 
(EqRotPer) Equilibrium Rotation Period [sec]: 1.639896e+08 
(EqRotRate) Equilibrium Rotation Rate [/sec]: 3.831454e-08 
(GammaRot) Gamma_Rotation [cgs]: -1.000000 
(GammaOrb) Gamma_Orbital [cgs]: -1.000000 
(OceanK2) K2_Ocean []: 0.010000 
(EnvTidalQ) Envelope Tidal Q []: -1.000000 
(OceanTidalQ) Ocean Tidal Q []: -1.000000 
(TideLock) Tidally Locked? []: 0.000000 
(RotTimeEqtide) Timescale for Rotational Evolution in EQTIDE [sec]: 4.902740e+21 
(EnvK2) K2_Env []: 0.010000 
(OblTimeEqtide) Timescale for Obliquity Evolution in EQTIDE []: -1.000000 
(PowerEqtide) Internal Power due to Tides in EQTIDE [kg*m^2/sec^3]: 5.678859e+09 
(SurfEnFluxEqtide) Surface Energy Flux due to Tides in EQTIDE [kg*m^2/sec^2/(m^2*sec)]: 2.305687e-06 
Tidal Perturbers: Proxima
----- DISTORB PARAMETERS (ProximaC)------
(Sinc) Body's sin(1/2*Inclination) in DistOrb []: 0.008727 
(Pinc) Body's p = s*sin(Omega) in DistOrb []: 0.008727 
(Qinc) Body's q = s* cos(Omega) in DistOrb []: 3.917917e-13 
(DIncDtDistOrb) Body's dInc/dt in DistOrb [rad/sec]: 4.434521e-19 
(DSincDtDistOrb) Body's dsin(.5*Inc)/dt in DistOrb [/sec]: 2.217176e-19 
(DLongADtDistOrb) Body's dOmega/dt in DistOrb [rad/sec]: -1.849330e-14 
(DLongPDtDistOrb) Body's dvarpi/dt in DistOrb [rad/sec]: -2.100518e-15 
(DHeccDtDistOrb) Body's dh/dt in DistOrb [/sec]: -2.100514e-17 
(DKeccDtDistOrb) Body's dk/dt in DistOrb [/sec]: 3.932143e-20 
(DPincDtDistOrb) Body's dp/dt in DistOrb [/sec]: 2.217176e-19 
(DQincDtDistOrb) Body's dq/dt in DistOrb [/sec]: 1.613824e-16 
Output Order: Time[year] SemiMajorAxis[AU] Eccentricity[] Inc[deg] RotPer[days] LongA[deg] LongP[deg]
Grid Output Order:
