-------- Log file Proxima.log -------

Executable: vplanet
Version: v1.0.0-463-gf4c1407fa28aa92ad128e0f96ea33bc17db653c5
System Name: Proxima
Primary Input File: vpl.in
Body File #1: star.in
Body File #2: b.in
Body File #3: c.in
Allow files to be overwitten: Yes
Mass Units: Kilograms
Length Units: Meters
Time Units: Seconds
Angle Units: Radians

------- FORMATTING -----
Verbosity Level: 5
Crossover Decade for Scientific Notation: 4
Number of Digits After Decimal: 6
Integration Method: Runge-Kutta4
Direction: Forward
Time Step: 3.155760e+07
Stop Time: 2.209032e+17
Output Interval: 3.155760e+11
Use Variable Timestep: Yes
dEta: 0.010000
Minimum Value of ecc and obl: 1.000000e-10


---- INITIAL SYSTEM PROPERTIES ----
(Age) System Age [sec]: 3.155760e+13 
(Time) Simulation Time [sec]: 0.000000 
(TotAngMom) Total Angular Momentum [kg*m^2/sec]: 2.305135e+41 
(TotEnergy) Total System Energy [kg*m^2/sec^2]: -2.861133e+39 
(PotEnergy) Body's non-orbital Potential Energy [kg*m^2/sec^2]: -2.861094e+39 
(KinEnergy) Body's non-orbital Kinetic Energy [kg*m^2/sec^2]: 1.040348e+34 
(DeltaTime) Average Timestep Over Last Output Interval [sec]: 0.000000 
(Density) Average Density [kg/m^3]: 1975.037251 
(LongP) Body's Longitude of pericenter [rad]: 0.000000 
(LXUVTot) Total XUV Luminosity [kg*m^2/sec^2/(m^2*sec)]: 3.574100e+22 

----- BODY: Proxima ----
Active Modules: EqTide STELLAR
Module Bit Sum: 67
Color: 000000
(Mass) Mass [kg]: 2.386099e+29 
(Obliquity) Obliquity [rad]: 0.000000 
(PrecA) Body's precession angle [rad]: 0.000000 
(Xobl) Body's sin(obl)*cos(pA) []: 0.000000 
(Yobl) Body's sin(obl)*sin(pA) []: 0.000000 
(Zobl) Body's cos(obl) []: 1.000000 
(Radius) Radius [m]: 7.968941e+08 
(RadGyra) Radius of Gyration []: 0.443315 
(RotAngMom) Rotational Angular Momentum [kg*m^2/sec]: 2.489211e+40 
(RotKinEnergy) Body's Rotational Energy [kg*m^2/sec^2]: 1.040348e+34 
(RotVel) Rotational Velocity [m/sec]: 666.112338 
(BodyType) Type of Body (0 == planet) []: 0.000000 
(RotRate) Rotational Frequency [/sec]: 8.358857e-07 
(RotPer) Rotational Period [sec]: 7.516800e+06 
(SurfEnFluxTotal) Total Surface Energy Flux [kg*m^2/sec^2/(m^2*sec)]: 0.011746 
(ImK2) Im(k_2) []: -5.000000e-07 
(K2) k_2 []: 0.500000 
(K2Man) Real Love Number k2 Mantle []: 0.010000 
(Imk2Man) Imaginary Love Number k2 Mantle []: 0.000000 
(TidalQMantle) Mantle's Tidal Q []: 100.000000 
(HEcc) Poincare's h (=e*sin(varpi) []: 0.000000 
(HZLimitDryRunaway) Semi-major axis of Dry Runaway HZ Limit [m]: 4.139276e+10 
(HZLimRecVenus) Recent Venus Habitable Zone Limit [m]: 3.723826e+10 
(HZLimRunaway) Runaway Greenhouse Habitable Zone Limit [m]: 4.901707e+10 
(HZLimMoistGreenhouse) Moist Greenhouse Habitable Zone Limit [m]: 4.927239e+10 
(HZLimMaxGreenhouse) Maximum Greenhouse Habitable Zone Limit [m]: 9.446038e+10 
(HZLimEarlyMars) Early Mars Habitable Zone Limit [m]: 1.030187e+11 
(Instellation) Orbit-averaged INcident STELLar radiATION [kg*m^2/sec^2/(m^2*sec)]: -1.000000 
(KEcc) Poincare's k (=e*cos(varpi) []: 0.000000 
(Eccentricity) Orbital Eccentricity []: -1.000000 
(OrbEnergy) Body's Total Orbital Energy [kg*m^2/sec^2]: 0.000000 
(MeanMotion) Orbital Mean Motion [/sec]: -1.000000 
(OrbPeriod) Orbital Period [sec]: -1.000000 
(SemiMajorAxis) Semi-major Axis [m]: -1.000000 
(CriticalSemiMajorAxis) Holman & Wiegert (1999) P-type Critical Semi-major Axis [m]: -1.000000 
(OrbAngMom) Orbital Angular Momentum [kg*m^2/sec]: 0.000000 
(TotOrbEnergy) System's Total Orbital Energy [kg*m^2/sec^2]: -1.625723e+34 
(OrbPotEnergy) Body's Orbital Potential Energy [kg*m^2/sec^2]: -1.000000 
(LostEnergy) Body's Total Lost Energy [kg*m^2/sec^2]: 5.562685e-309 
(LostAngMom) Lost Angular Momentum due to Magnetic Braking [kg*m^2/sec]: 5.562685e-309 
----- EQTIDE PARAMETERS (Proxima)------
(LockTime) Time when body tidally locked. [sec]: -1.000000 
(BodyDsemiDtEqtide) Body's Contribution to dSemi/dt in EQTIDE []: -1.000000 
(BodyDeccDt) Body's Contribution to dEcc/dt in EQTIDE []: -1.000000 
(DOblDtEqtide) Time Rate of Change of Obliquity in EQTIDE [rad/sec]: 0.000000 
(DRotPerDtEqtide) Time Rate of Change of Rotation Period in EQTIDE []: -7.747812e-15 
(DRotRateDtEqtide) Time Rate of Change of Rotational Frequency in EQTIDE [/sec^2]: 8.615747e-28 
(EqRotPer) Equilibrium Rotation Period [sec]: 7.956397e+05 
(EqRotRate) Equilibrium Rotation Rate [/sec]: 7.897023e-06 
(OceanK2) K2_Ocean []: 0.010000 
(EnvTidalQ) Envelope Tidal Q []: -1.000000 
(OceanTidalQ) Ocean Tidal Q []: -1.000000 
(TidalTau) Tidal Time Lag [sec]: 0.100000 
(TideLock) Tidally Locked? []: 0.000000 
(RotTimeEqtide) Timescale for Rotational Evolution in EQTIDE [sec]: 8.615747e-28 
(EnvK2) K2_Env []: 0.010000 
(OblTimeEqtide) Timescale for Obliquity Evolution in EQTIDE []: -1.000000 
(PowerEqtide) Internal Power due to Tides in EQTIDE [kg*m^2/sec^3]: 9.373840e+16 
(SurfEnFluxEqtide) Surface Energy Flux due to Tides in EQTIDE [kg*m^2/sec^2/(m^2*sec)]: 0.011746 
Tidal Perturbers: ProximaB, ProximaC
----- STELLAR PARAMETERS (Proxima)------
(Luminosity) Luminosity [kg*m^2/sec^3]: 3.574100e+25 
(LXUVStellar) Base X-ray/XUV Luminosity [kg*m^2/sec^3]: 3.574100e+22 
(Temperature) Effective Temperature [K]: 2980.308267 
(LXUVFrac) X-ray/XUV Luminosity Fraction []: 0.001000 
(RossbyNumber) Rossby Number []: 1.273959 
(DRotPerDtStellar) Time Rate of Change of Rotation Period in STELLAR []: -6.898845e-10 
Output Order: Time[year]
Grid Output Order:

----- BODY: ProximaB ----
Active Modules: DistOrb EqTide
Module Bit Sum: 19
Color: 000000
(Mass) Mass [kg]: 1.140688e+25 
(Obliquity) Obliquity [rad]: 0.000000 
(PrecA) Body's precession angle [rad]: 0.000000 
(Xobl) Body's sin(obl)*cos(pA) []: 0.000000 
(Yobl) Body's sin(obl)*sin(pA) []: 0.000000 
(Zobl) Body's cos(obl) []: 1.000000 
(Radius) Radius [m]: 7.605581e+06 
(RadGyra) Radius of Gyration []: 0.500000 
(RotAngMom) Rotational Angular Momentum [kg*m^2/sec]: 1.199603e+34 
(RotKinEnergy) Body's Rotational Energy [kg*m^2/sec^2]: 4.361880e+29 
(RotVel) Rotational Velocity [m/sec]: 553.093463 
(BodyType) Type of Body (0 == planet) []: 0.000000 
(RotRate) Rotational Frequency [/sec]: 7.272205e-05 
(RotPer) Rotational Period [days]: 1.000000 
(SurfEnFluxTotal) Total Surface Energy Flux [kg*m^2/sec^2/(m^2*sec)]: 437.319176 
(ImK2) Im(k_2) []: -3.000000e-07 
(K2) k_2 []: 0.300000 
(K2Man) Real Love Number k2 Mantle []: 0.010000 
(Imk2Man) Imaginary Love Number k2 Mantle []: 0.000000 
(TidalQMantle) Mantle's Tidal Q []: 100.000000 
(HEcc) Poincare's h (=e*sin(varpi) []: 0.000349 
(HZLimitDryRunaway) Semi-major axis of Dry Runaway HZ Limit [m]: 4.224631e+10 
(HZLimRecVenus) Recent Venus Habitable Zone Limit [m]: 3.723826e+10 
(HZLimRunaway) Runaway Greenhouse Habitable Zone Limit [m]: 4.901707e+10 
(HZLimMoistGreenhouse) Moist Greenhouse Habitable Zone Limit [m]: 4.927239e+10 
(HZLimMaxGreenhouse) Maximum Greenhouse Habitable Zone Limit [m]: 9.446038e+10 
(HZLimEarlyMars) Early Mars Habitable Zone Limit [m]: 1.030187e+11 
(Instellation) Orbit-averaged INcident STELLar radiATION [kg*m^2/sec^2/(m^2*sec)]: 5.402294e+04 
(KEcc) Poincare's k (=e*cos(varpi) []: 0.200000 
(Eccentricity) Orbital Eccentricity []: 0.200000 
(OrbEnergy) Body's Total Orbital Energy [kg*m^2/sec^2]: -1.239105e+34 
(MeanMotion) Orbital Mean Motion [/sec]: 6.358792e-06 
(OrbPeriod) Orbital Period [sec]: 9.881099e+05 
(SemiMajorAxis) Semi-major Axis [m]: 7.330296e+09 
(CriticalSemiMajorAxis) Holman & Wiegert (1999) P-type Critical Semi-major Axis [m]: -1.000000 
(OrbAngMom) Orbital Angular Momentum [kg*m^2/sec]: 3.818556e+39 
(ArgP) Body's argument of pericenter [rad]: 1.572543 
(Inc) Body's Inclination [rad]: 0.366519 
(LongA) Body's Longitude of ascending node [rad]: 4.712389 
(MeanLongitude) Orbital Mean Longitude [rad]: 0.001747 
(TotOrbEnergy) System's Total Orbital Energy [kg*m^2/sec^2]: -1.625723e+34 
(OrbPotEnergy) Body's Orbital Potential Energy [kg*m^2/sec^2]: -2.478210e+34 
(LostEnergy) Body's Total Lost Energy [kg*m^2/sec^2]: 5.562685e-309 
Mass-Radius Relationship: Bayless, A.J. & Orosz, J.A. 2006, ApJ, 651, 1155-1165.
----- EQTIDE PARAMETERS (ProximaB)------
(TidalRadius) Tidal Radius [m]: 7.605581e+06 
(DsemiDtEqtide) Total da/dt in EQTIDE [m/sec]: 2.248509e-08 
(DeccDtEqtide) Total de/dt in EQTIDE [/sec]: 1.238438e-18 
(DMeanMotionDtEqtide) Total dMeanMotion/dt in EQTIDE [/sec^2]: -2.925762e-23 
(DOrbPerDtEqtide) Total dOrbPer/dt in EQTIDE []: 4.546422e-12 
(EccTimeEqtide) Timescale for Eccentricity Evolution (e/[de/dt]) in EQTIDE [sec]: 1.614938e+17 
(SemiTimeEqtide) Timescale for Semi-major Axis Evolution (a/[da/dt]) in EQTIDE [sec]: 3.260069e+17 
(DHEccDtEqtide) Time Rate of Change of Poincare's h in EQTIDE [/sec]: 2.163642e-21 
(DKEccDtEqtide) Time Rate of Change of Poincare's k in EQTIDE [/sec]: 1.238436e-18 
(DXoblDtEqtide) Time Rate of Change of Laskar's X in EQTIDE [/sec]: 0.000000 
(DYoblDtEqtide) Time Rate of Change of Laskar's Y in EQTIDE [/sec]: 0.000000 
(DZoblDtEqtide) Time Rate of Change of Laskar's Z in EQTIDE [/sec]: 0.000000 
(LockTime) Time when body tidally locked. [sec]: -1.000000 
(BodyDsemiDtEqtide) Body's Contribution to dSemi/dt in EQTIDE []: -1.000000 
(BodyDeccDt) Body's Contribution to dEcc/dt in EQTIDE []: -1.000000 
(DOblDtEqtide) Time Rate of Change of Obliquity in EQTIDE [rad/sec]: 0.000000 
(DRotPerDtEqtide) Time Rate of Change of Rotation Period in EQTIDE []: 3.527003e-08 
(DRotRateDtEqtide) Time Rate of Change of Rotational Frequency in EQTIDE [/sec^2]: -2.968645e-17 
(EqRotPer) Equilibrium Rotation Period [sec]: 7.956397e+05 
(EqRotRate) Equilibrium Rotation Rate [/sec]: 7.897023e-06 
(OceanK2) K2_Ocean []: 0.010000 
(EnvTidalQ) Envelope Tidal Q []: -1.000000 
(OceanTidalQ) Ocean Tidal Q []: -1.000000 
(TidalTau) Tidal Time Lag [sec]: 100.000000 
(TideLock) Tidally Locked? []: 0.000000 
(RotTimeEqtide) Timescale for Rotational Evolution in EQTIDE [sec]: 2.449672e+12 
(EnvK2) K2_Env []: 0.010000 
(OblTimeEqtide) Timescale for Obliquity Evolution in EQTIDE []: -1.000000 
(PowerEqtide) Internal Power due to Tides in EQTIDE [kg*m^2/sec^3]: 3.178873e+17 
(SurfEnFluxEqtide) Surface Energy Flux due to Tides in EQTIDE [W/m^2]: 437.319176 
Tidal Perturbers: Proxima
----- DISTORB PARAMETERS (ProximaB)------
(Sinc) Body's sin(1/2*Inclination) in DistOrb []: 0.182236 
(Pinc) Body's p = s*sin(Omega) in DistOrb []: -0.182236 
(Qinc) Body's q = s* cos(Omega) in DistOrb []: -2.454526e-11 
(DIncDtDistOrb) Body's dInc/dt in DistOrb [rad/sec]: 1.006685e-17 
(DSincDtDistOrb) Body's dsin(.5*Inc)/dt in DistOrb [/sec]: 4.949139e-18 
(DLongADtDistOrb) Body's dOmega/dt in DistOrb [rad/sec]: -9.058729e-14 
(DLongPDtDistOrb) Body's dvarpi/dt in DistOrb [rad/sec]: 2.566529e-14 
(DHeccDtDistOrb) Body's dh/dt in DistOrb [/sec]: 5.133017e-15 
(DKeccDtDistOrb) Body's dk/dt in DistOrb [/sec]: -2.849802e-17 
(DPincDtDistOrb) Body's dp/dt in DistOrb [/sec]: -4.949137e-18 
(DQincDtDistOrb) Body's dq/dt in DistOrb [/sec]: -1.650822e-14 
Output Order: Time[year] SemiMajorAxis[AU] Eccentricity[] Inc[deg] RotPer[days] LongA[deg] LongP[deg] SurfEnFluxEqtide[W/m^2]
Grid Output Order:

----- BODY: ProximaC ----
Active Modules: DistOrb EqTide
Module Bit Sum: 19
Color: 000000
(Mass) Mass [kg]: 1.074993e+26 
(Obliquity) Obliquity [rad]: 0.000000 
(PrecA) Body's precession angle [rad]: 0.000000 
(Xobl) Body's sin(obl)*cos(pA) []: 0.000000 
(Yobl) Body's sin(obl)*sin(pA) []: 0.000000 
(Zobl) Body's cos(obl) []: 1.000000 
(Radius) Radius [m]: 1.399992e+07 
(RadGyra) Radius of Gyration []: 0.500000 
(RotAngMom) Rotational Angular Momentum [kg*m^2/sec]: 3.830565e+35 
(RotKinEnergy) Body's Rotational Energy [kg*m^2/sec^2]: 1.392833e+31 
(RotVel) Rotational Velocity [m/sec]: 1018.102658 
(BodyType) Type of Body (0 == planet) []: 0.000000 
(RotRate) Rotational Frequency [/sec]: 7.272205e-05 
(RotPer) Rotational Period [days]: 1.000000 
(SurfEnFluxTotal) Total Surface Energy Flux [kg*m^2/sec^2/(m^2*sec)]: 3.351719e-06 
(ImK2) Im(k_2) []: -3.000000e-07 
(K2) k_2 []: 0.300000 
(K2Man) Real Love Number k2 Mantle []: 0.010000 
(Imk2Man) Imaginary Love Number k2 Mantle []: 0.000000 
(TidalQMantle) Mantle's Tidal Q []: 100.000000 
(HEcc) Poincare's h (=e*sin(varpi) []: 1.687733e-05 
(HZLimitDryRunaway) Semi-major axis of Dry Runaway HZ Limit [m]: 4.139483e+10 
(HZLimRecVenus) Recent Venus Habitable Zone Limit [m]: 3.723826e+10 
(HZLimRunaway) Runaway Greenhouse Habitable Zone Limit [m]: 4.901707e+10 
(HZLimMoistGreenhouse) Moist Greenhouse Habitable Zone Limit [m]: 4.927239e+10 
(HZLimMaxGreenhouse) Maximum Greenhouse Habitable Zone Limit [m]: 9.446038e+10 
(HZLimEarlyMars) Early Mars Habitable Zone Limit [m]: 1.030187e+11 
(Instellation) Orbit-averaged INcident STELLar radiATION [kg*m^2/sec^2/(m^2*sec)]: 58.023552 
(KEcc) Poincare's k (=e*cos(varpi) []: 0.010000 
(Eccentricity) Orbital Eccentricity []: 0.010000 
(OrbEnergy) Body's Total Orbital Energy [kg*m^2/sec^2]: -3.866176e+33 
(MeanMotion) Orbital Mean Motion [/sec]: 3.831454e-08 
(OrbPeriod) Orbital Period [sec]: 1.639896e+08 
(SemiMajorAxis) Semi-major Axis [m]: 2.214048e+11 
(CriticalSemiMajorAxis) Holman & Wiegert (1999) P-type Critical Semi-major Axis [m]: -1.000000 
(OrbAngMom) Orbital Angular Momentum [kg*m^2/sec]: 2.018024e+41 
(ArgP) Body's argument of pericenter [rad]: 4.714077 
(Inc) Body's Inclination [rad]: 0.017453 
(LongA) Body's Longitude of ascending node [rad]: 1.570796 
(MeanLongitude) Orbital Mean Longitude [rad]: 0.001688 
(TotOrbEnergy) System's Total Orbital Energy [kg*m^2/sec^2]: -1.625723e+34 
(OrbPotEnergy) Body's Orbital Potential Energy [kg*m^2/sec^2]: -7.732352e+33 
(LostEnergy) Body's Total Lost Energy [kg*m^2/sec^2]: 5.562685e-309 
Mass-Radius Relationship: Bayless, A.J. & Orosz, J.A. 2006, ApJ, 651, 1155-1165.
----- EQTIDE PARAMETERS (ProximaC)------
(TidalRadius) Tidal Radius [m]: 1.399992e+07 
(DsemiDtEqtide) Total da/dt in EQTIDE [m/sec]: 2.499096e-16 
(DeccDtEqtide) Total de/dt in EQTIDE [/sec]: 3.100630e-29 
(DMeanMotionDtEqtide) Total dMeanMotion/dt in EQTIDE [/sec^2]: -6.487101e-35 
(DOrbPerDtEqtide) Total dOrbPer/dt in EQTIDE []: 2.776536e-19 
(EccTimeEqtide) Timescale for Eccentricity Evolution (e/[de/dt]) in EQTIDE [sec]: 3.225151e+26 
(SemiTimeEqtide) Timescale for Semi-major Axis Evolution (a/[da/dt]) in EQTIDE [sec]: 8.859398e+26 
(DHEccDtEqtide) Time Rate of Change of Poincare's h in EQTIDE [/sec]: 5.233034e-32 
(DKEccDtEqtide) Time Rate of Change of Poincare's k in EQTIDE [/sec]: 3.100625e-29 
(DXoblDtEqtide) Time Rate of Change of Laskar's X in EQTIDE [/sec]: 0.000000 
(DYoblDtEqtide) Time Rate of Change of Laskar's Y in EQTIDE [/sec]: 0.000000 
(DZoblDtEqtide) Time Rate of Change of Laskar's Z in EQTIDE [/sec]: 0.000000 
(LockTime) Time when body tidally locked. [sec]: -1.000000 
(BodyDsemiDtEqtide) Body's Contribution to dSemi/dt in EQTIDE []: -1.000000 
(BodyDeccDt) Body's Contribution to dEcc/dt in EQTIDE []: -1.000000 
(DOblDtEqtide) Time Rate of Change of Obliquity in EQTIDE [rad/sec]: 0.000000 
(DRotPerDtEqtide) Time Rate of Change of Rotation Period in EQTIDE []: 2.561782e-17 
(DRotRateDtEqtide) Time Rate of Change of Rotational Frequency in EQTIDE [/sec^2]: -2.156227e-26 
(EqRotPer) Equilibrium Rotation Period [sec]: 1.638913e+08 
(EqRotRate) Equilibrium Rotation Rate [/sec]: 3.833753e-08 
(OceanK2) K2_Ocean []: 0.010000 
(EnvTidalQ) Envelope Tidal Q []: -1.000000 
(OceanTidalQ) Ocean Tidal Q []: -1.000000 
(TidalTau) Tidal Time Lag [sec]: 100.000000 
(TideLock) Tidally Locked? []: 0.000000 
(RotTimeEqtide) Timescale for Rotational Evolution in EQTIDE [sec]: 3.372653e+21 
(EnvK2) K2_Env []: 0.010000 
(OblTimeEqtide) Timescale for Obliquity Evolution in EQTIDE []: -1.000000 
(PowerEqtide) Internal Power due to Tides in EQTIDE [kg*m^2/sec^3]: 8.255214e+09 
(SurfEnFluxEqtide) Surface Energy Flux due to Tides in EQTIDE [kg*m^2/sec^2/(m^2*sec)]: 3.351719e-06 
Tidal Perturbers: Proxima
----- DISTORB PARAMETERS (ProximaC)------
(Sinc) Body's sin(1/2*Inclination) in DistOrb []: 0.008727 
(Pinc) Body's p = s*sin(Omega) in DistOrb []: 0.008727 
(Qinc) Body's q = s* cos(Omega) in DistOrb []: 3.917917e-13 
(DIncDtDistOrb) Body's dInc/dt in DistOrb [rad/sec]: 2.012570e-19 
(DSincDtDistOrb) Body's dsin(.5*Inc)/dt in DistOrb [/sec]: 1.006247e-19 
(DLongADtDistOrb) Body's dOmega/dt in DistOrb [rad/sec]: -3.523452e-14 
(DLongPDtDistOrb) Body's dvarpi/dt in DistOrb [rad/sec]: 7.518350e-16 
(DHeccDtDistOrb) Body's dh/dt in DistOrb [/sec]: 7.518356e-18 
(DKeccDtDistOrb) Body's dk/dt in DistOrb [/sec]: -2.828409e-21 
(DPincDtDistOrb) Body's dp/dt in DistOrb [/sec]: 1.006247e-19 
(DQincDtDistOrb) Body's dq/dt in DistOrb [/sec]: 3.074752e-16 
Output Order: Time[year] SemiMajorAxis[AU] Eccentricity[] Inc[deg] RotPer[days] LongA[deg] LongP[deg]
Grid Output Order:



---- FINAL SYSTEM PROPERTIES ----
(Age) System Age [sec]: 2.209348e+17 
(Time) Simulation Time [sec]: 2.209032e+17 
(TotAngMom) Total Angular Momentum [kg*m^2/sec]: 2.305365e+41 
(TotEnergy) Total System Energy [kg*m^2/sec^2]: -2.860598e+39 
(PotEnergy) Body's non-orbital Potential Energy [kg*m^2/sec^2]: -2.260178e+40 
(KinEnergy) Body's non-orbital Kinetic Energy [kg*m^2/sec^2]: 1.894602e+32 
(DeltaTime) Average Timestep Over Last Output Interval [sec]: 1.995158e+05 
(Density) Average Density [kg/m^3]: 9.736595e+05 
(LongP) Body's Longitude of pericenter [rad]: 0.000000 
(LXUVTot) Total XUV Luminosity [kg*m^2/sec^2/(m^2*sec)]: 3.089139e+18 

----- BODY: Proxima ----
Active Modules: EqTide STELLAR
Module Bit Sum: 67
Color: 000000
(Mass) Mass [kg]: 2.386099e+29 
(Obliquity) Obliquity [rad]: 0.000000 
(PrecA) Body's precession angle [rad]: 0.000000 
(Xobl) Body's sin(obl)*cos(pA) []: 0.000000 
(Yobl) Body's sin(obl)*sin(pA) []: 0.000000 
(Zobl) Body's cos(obl) []: 1.000000 
(Radius) Radius [m]: 1.008765e+08 
(RadGyra) Radius of Gyration []: 0.463369 
(RotAngMom) Rotational Angular Momentum [kg*m^2/sec]: 4.444623e+38 
(RotKinEnergy) Body's Rotational Energy [kg*m^2/sec^2]: 1.894602e+32 
(RotVel) Rotational Velocity [m/sec]: 86.000890 
(BodyType) Type of Body (0 == planet) []: 0.000000 
(RotRate) Rotational Frequency [/sec]: 8.525364e-07 
(RotPer) Rotational Period [sec]: 7.369990e+06 
(SurfEnFluxTotal) Total Surface Energy Flux [kg*m^2/sec^2/(m^2*sec)]: 5.893792e-10 
(ImK2) Im(k_2) []: -5.000000e-07 
(K2) k_2 []: 0.500000 
(K2Man) Real Love Number k2 Mantle []: 0.010000 
(Imk2Man) Imaginary Love Number k2 Mantle []: 0.000000 
(TidalQMantle) Mantle's Tidal Q []: 100.000000 
(HEcc) Poincare's h (=e*sin(varpi) []: 0.000000 
(HZLimitDryRunaway) Semi-major axis of Dry Runaway HZ Limit [m]: 5.248475e+09 
(HZLimRecVenus) Recent Venus Habitable Zone Limit [m]: 4.721495e+09 
(HZLimRunaway) Runaway Greenhouse Habitable Zone Limit [m]: 6.215067e+09 
(HZLimMoistGreenhouse) Moist Greenhouse Habitable Zone Limit [m]: 6.247320e+09 
(HZLimMaxGreenhouse) Maximum Greenhouse Habitable Zone Limit [m]: 1.197565e+10 
(HZLimEarlyMars) Early Mars Habitable Zone Limit [m]: 1.306067e+10 
(Instellation) Orbit-averaged INcident STELLar radiATION [kg*m^2/sec^2/(m^2*sec)]: -1.000000 
(KEcc) Poincare's k (=e*cos(varpi) []: 0.000000 
(Eccentricity) Orbital Eccentricity []: -1.000000 
(OrbEnergy) Body's Total Orbital Energy [kg*m^2/sec^2]: 0.000000 
(MeanMotion) Orbital Mean Motion [/sec]: -1.000000 
(OrbPeriod) Orbital Period [sec]: -1.000000 
(SemiMajorAxis) Semi-major Axis [m]: -1.000000 
(CriticalSemiMajorAxis) Holman & Wiegert (1999) P-type Critical Semi-major Axis [m]: -1.000000 
(OrbAngMom) Orbital Angular Momentum [kg*m^2/sec]: 0.000000 
(TotOrbEnergy) System's Total Orbital Energy [kg*m^2/sec^2]: -1.632601e+34 
(OrbPotEnergy) Body's Orbital Potential Energy [kg*m^2/sec^2]: -1.000000 
(LostEnergy) Body's Total Lost Energy [kg*m^2/sec^2]: 1.974123e+40 
(LostAngMom) Lost Angular Momentum due to Magnetic Braking [kg*m^2/sec]: 2.445090e+40 
----- EQTIDE PARAMETERS (Proxima)------
(LockTime) Time when body tidally locked. [sec]: -1.000000 
(BodyDsemiDtEqtide) Body's Contribution to dSemi/dt in EQTIDE []: -1.000000 
(BodyDeccDt) Body's Contribution to dEcc/dt in EQTIDE []: -1.000000 
(DOblDtEqtide) Time Rate of Change of Obliquity in EQTIDE [rad/sec]: 0.000000 
(DRotPerDtEqtide) Time Rate of Change of Rotation Period in EQTIDE []: -1.175505e-17 
(DRotRateDtEqtide) Time Rate of Change of Rotational Frequency in EQTIDE [/sec^2]: 1.359786e-30 
(EqRotPer) Equilibrium Rotation Period [sec]: 8.535780e+05 
(EqRotRate) Equilibrium Rotation Rate [/sec]: 7.360997e-06 
(OceanK2) K2_Ocean []: 0.010000 
(EnvTidalQ) Envelope Tidal Q []: -1.000000 
(OceanTidalQ) Ocean Tidal Q []: -1.000000 
(TidalTau) Tidal Time Lag [sec]: 0.100000 
(TideLock) Tidally Locked? []: 0.000000 
(RotTimeEqtide) Timescale for Rotational Evolution in EQTIDE [sec]: 1.359786e-30 
(EnvK2) K2_Env []: 0.010000 
(OblTimeEqtide) Timescale for Obliquity Evolution in EQTIDE []: -1.000000 
(PowerEqtide) Internal Power due to Tides in EQTIDE [kg*m^2/sec^3]: 7.536760e+07 
(SurfEnFluxEqtide) Surface Energy Flux due to Tides in EQTIDE [kg*m^2/sec^2/(m^2*sec)]: 5.893792e-10 
Tidal Perturbers: ProximaB, ProximaC
----- STELLAR PARAMETERS (Proxima)------
(Luminosity) Luminosity [kg*m^2/sec^3]: 5.746247e+23 
(LXUVStellar) Base X-ray/XUV Luminosity [kg*m^2/sec^3]: 3.089139e+18 
(Temperature) Effective Temperature [K]: 2982.802225 
(LXUVFrac) X-ray/XUV Luminosity Fraction []: 5.375924e-06 
(RossbyNumber) Rossby Number []: 1.250674 
(DRotPerDtStellar) Time Rate of Change of Rotation Period in STELLAR []: 1.062221e-11 
Output Order: Time[year]
Grid Output Order:

----- BODY: ProximaB ----
Active Modules: DistOrb EqTide
Module Bit Sum: 19
Color: 000000
(Mass) Mass [kg]: 1.140688e+25 
(Obliquity) Obliquity [rad]: 0.000000 
(PrecA) Body's precession angle [rad]: 0.000000 
(Xobl) Body's sin(obl)*cos(pA) []: 0.000000 
(Yobl) Body's sin(obl)*sin(pA) []: 0.000000 
(Zobl) Body's cos(obl) []: 1.000000 
(Radius) Radius [m]: 7.605581e+06 
(RadGyra) Radius of Gyration []: 0.500000 
(RotAngMom) Rotational Angular Momentum [kg*m^2/sec]: 1.214250e+33 
(RotKinEnergy) Body's Rotational Energy [kg*m^2/sec^2]: 4.469046e+27 
(RotVel) Rotational Velocity [m/sec]: 55.984663 
(BodyType) Type of Body (0 == planet) []: 0.000000 
(RotRate) Rotational Frequency [/sec]: 7.360997e-06 
(RotPer) Rotational Period [days]: 9.879375 
(SurfEnFluxTotal) Total Surface Energy Flux [kg*m^2/sec^2/(m^2*sec)]: 0.343279 
(ImK2) Im(k_2) []: -3.000000e-07 
(K2) k_2 []: 0.300000 
(K2Man) Real Love Number k2 Mantle []: 0.010000 
(Imk2Man) Imaginary Love Number k2 Mantle []: 0.000000 
(TidalQMantle) Mantle's Tidal Q []: 100.000000 
(HEcc) Poincare's h (=e*sin(varpi) []: 0.005369 
(HZLimitDryRunaway) Semi-major axis of Dry Runaway HZ Limit [m]: 5.314203e+09 
(HZLimRecVenus) Recent Venus Habitable Zone Limit [m]: 4.721495e+09 
(HZLimRunaway) Runaway Greenhouse Habitable Zone Limit [m]: 6.215067e+09 
(HZLimMoistGreenhouse) Moist Greenhouse Habitable Zone Limit [m]: 6.247320e+09 
(HZLimMaxGreenhouse) Maximum Greenhouse Habitable Zone Limit [m]: 1.197565e+10 
(HZLimEarlyMars) Early Mars Habitable Zone Limit [m]: 1.306067e+10 
(Instellation) Orbit-averaged INcident STELLar radiATION [kg*m^2/sec^2/(m^2*sec)]: 871.253574 
(KEcc) Poincare's k (=e*cos(varpi) []: 0.156699 
(Eccentricity) Orbital Eccentricity []: 0.156791 
(OrbEnergy) Body's Total Orbital Energy [kg*m^2/sec^2]: -1.245983e+34 
(MeanMotion) Orbital Mean Motion [/sec]: 6.411811e-06 
(OrbPeriod) Orbital Period [sec]: 9.799392e+05 
(SemiMajorAxis) Semi-major Axis [m]: 7.289830e+09 
(CriticalSemiMajorAxis) Holman & Wiegert (1999) P-type Critical Semi-major Axis [m]: -1.000000 
(OrbAngMom) Orbital Angular Momentum [kg*m^2/sec]: 3.838456e+39 
(ArgP) Body's argument of pericenter [rad]: 2.545798 
(Inc) Body's Inclination [rad]: 0.386515 
(LongA) Body's Longitude of ascending node [rad]: 3.771636 
(MeanLongitude) Orbital Mean Longitude [rad]: 0.034249 
(TotOrbEnergy) System's Total Orbital Energy [kg*m^2/sec^2]: -1.632601e+34 
(OrbPotEnergy) Body's Orbital Potential Energy [kg*m^2/sec^2]: -2.491967e+34 
(LostEnergy) Body's Total Lost Energy [kg*m^2/sec^2]: 6.920571e+31 
Mass-Radius Relationship: Bayless, A.J. & Orosz, J.A. 2006, ApJ, 651, 1155-1165.
----- EQTIDE PARAMETERS (ProximaB)------
(TidalRadius) Tidal Radius [m]: 7.605581e+06 
(DsemiDtEqtide) Total da/dt in EQTIDE [m/sec]: -1.459948e-10 
(DeccDtEqtide) Total de/dt in EQTIDE [/sec]: -6.229460e-20 
(DMeanMotionDtEqtide) Total dMeanMotion/dt in EQTIDE [/sec^2]: 1.926158e-25 
(DOrbPerDtEqtide) Total dOrbPer/dt in EQTIDE []: -2.943814e-14 
(EccTimeEqtide) Timescale for Eccentricity Evolution (e/[de/dt]) in EQTIDE [sec]: 2.516931e+18 
(SemiTimeEqtide) Timescale for Semi-major Axis Evolution (a/[da/dt]) in EQTIDE [sec]: 4.993212e+19 
(DHEccDtEqtide) Time Rate of Change of Poincare's h in EQTIDE [/sec]: -2.133106e-21 
(DKEccDtEqtide) Time Rate of Change of Poincare's k in EQTIDE [/sec]: -6.225807e-20 
(DXoblDtEqtide) Time Rate of Change of Laskar's X in EQTIDE [/sec]: 0.000000 
(DYoblDtEqtide) Time Rate of Change of Laskar's Y in EQTIDE [/sec]: 0.000000 
(DZoblDtEqtide) Time Rate of Change of Laskar's Z in EQTIDE [/sec]: 0.000000 
(LockTime) Time when body tidally locked. [sec]: 1.492475e+13 
(BodyDsemiDtEqtide) Body's Contribution to dSemi/dt in EQTIDE []: -1.000000 
(BodyDeccDt) Body's Contribution to dEcc/dt in EQTIDE []: -1.000000 
(DOblDtEqtide) Time Rate of Change of Obliquity in EQTIDE [rad/sec]: 0.000000 
(DRotPerDtEqtide) Time Rate of Change of Rotation Period in EQTIDE []: -6.450464e-298 
(DRotRateDtEqtide) Time Rate of Change of Rotational Frequency in EQTIDE [/sec^2]: 5.562685e-309 
(EqRotPer) Equilibrium Rotation Period [sec]: 8.535780e+05 
(EqRotRate) Equilibrium Rotation Rate [/sec]: 7.360997e-06 
(OceanK2) K2_Ocean []: 0.010000 
(EnvTidalQ) Envelope Tidal Q []: -1.000000 
(OceanTidalQ) Ocean Tidal Q []: -1.000000 
(TidalTau) Tidal Time Lag [sec]: 100.000000 
(TideLock) Tidally Locked? []: 1.000000 
(RotTimeEqtide) Timescale for Rotational Evolution in EQTIDE [sec]: 1.323281e+303 
(EnvK2) K2_Env []: 0.010000 
(OblTimeEqtide) Timescale for Obliquity Evolution in EQTIDE []: -1.000000 
(PowerEqtide) Internal Power due to Tides in EQTIDE [kg*m^2/sec^3]: 2.495298e+14 
(SurfEnFluxEqtide) Surface Energy Flux due to Tides in EQTIDE [W/m^2]: 0.343279 
Tidal Perturbers: Proxima
----- DISTORB PARAMETERS (ProximaB)------
(Sinc) Body's sin(1/2*Inclination) in DistOrb []: 0.192057 
(Pinc) Body's p = s*sin(Omega) in DistOrb []: -0.113156 
(Qinc) Body's q = s* cos(Omega) in DistOrb []: -0.155182 
(DIncDtDistOrb) Body's dInc/dt in DistOrb [rad/sec]: 2.476515e-15 
(DSincDtDistOrb) Body's dsin(.5*Inc)/dt in DistOrb [/sec]: 1.215206e-15 
(DLongADtDistOrb) Body's dOmega/dt in DistOrb [rad/sec]: -7.620730e-14 
(DLongPDtDistOrb) Body's dvarpi/dt in DistOrb [rad/sec]: 6.317764e-14 
(DHeccDtDistOrb) Body's dh/dt in DistOrb [/sec]: 9.747063e-15 
(DKeccDtDistOrb) Body's dk/dt in DistOrb [/sec]: -4.799671e-15 
(DPincDtDistOrb) Body's dp/dt in DistOrb [/sec]: 1.111005e-14 
(DQincDtDistOrb) Body's dq/dt in DistOrb [/sec]: -9.605213e-15 
Output Order: Time[year] SemiMajorAxis[AU] Eccentricity[] Inc[deg] RotPer[days] LongA[deg] LongP[deg] SurfEnFluxEqtide[W/m^2]
Grid Output Order:

----- BODY: ProximaC ----
Active Modules: DistOrb EqTide
Module Bit Sum: 19
Color: 000000
(Mass) Mass [kg]: 1.074993e+26 
(Obliquity) Obliquity [rad]: 0.000000 
(PrecA) Body's precession angle [rad]: 0.000000 
(Xobl) Body's sin(obl)*cos(pA) []: 0.000000 
(Yobl) Body's sin(obl)*sin(pA) []: 0.000000 
(Zobl) Body's cos(obl) []: 1.000000 
(Radius) Radius [m]: 1.399992e+07 
(RadGyra) Radius of Gyration []: 0.500000 
(RotAngMom) Rotational Angular Momentum [kg*m^2/sec]: 3.830314e+35 
(RotKinEnergy) Body's Rotational Energy [kg*m^2/sec^2]: 1.392650e+31 
(RotVel) Rotational Velocity [m/sec]: 1018.035975 
(BodyType) Type of Body (0 == planet) []: 0.000000 
(RotRate) Rotational Frequency [/sec]: 7.271729e-05 
(RotPer) Rotational Period [days]: 1.000066 
(SurfEnFluxTotal) Total Surface Energy Flux [kg*m^2/sec^2/(m^2*sec)]: 3.351299e-06 
(ImK2) Im(k_2) []: -3.000000e-07 
(K2) k_2 []: 0.300000 
(K2Man) Real Love Number k2 Mantle []: 0.010000 
(Imk2Man) Imaginary Love Number k2 Mantle []: 0.000000 
(TidalQMantle) Mantle's Tidal Q []: 100.000000 
(HEcc) Poincare's h (=e*sin(varpi) []: 0.005678 
(HZLimitDryRunaway) Semi-major axis of Dry Runaway HZ Limit [m]: 5.248740e+09 
(HZLimRecVenus) Recent Venus Habitable Zone Limit [m]: 4.721495e+09 
(HZLimRunaway) Runaway Greenhouse Habitable Zone Limit [m]: 6.215067e+09 
(HZLimMoistGreenhouse) Moist Greenhouse Habitable Zone Limit [m]: 6.247320e+09 
(HZLimMaxGreenhouse) Maximum Greenhouse Habitable Zone Limit [m]: 1.197565e+10 
(HZLimEarlyMars) Early Mars Habitable Zone Limit [m]: 1.306067e+10 
(Instellation) Orbit-averaged INcident STELLar radiATION [kg*m^2/sec^2/(m^2*sec)]: 0.932872 
(KEcc) Poincare's k (=e*cos(varpi) []: 0.008280 
(Eccentricity) Orbital Eccentricity []: 0.010039 
(OrbEnergy) Body's Total Orbital Energy [kg*m^2/sec^2]: -3.866176e+33 
(MeanMotion) Orbital Mean Motion [/sec]: 3.831454e-08 
(OrbPeriod) Orbital Period [sec]: 1.639896e+08 
(SemiMajorAxis) Semi-major Axis [m]: 2.214048e+11 
(CriticalSemiMajorAxis) Holman & Wiegert (1999) P-type Critical Semi-major Axis [m]: -1.000000 
(OrbAngMom) Orbital Angular Momentum [kg*m^2/sec]: 2.018023e+41 
(ArgP) Body's argument of pericenter [rad]: 5.465348 
(Inc) Body's Inclination [rad]: 0.014429 
(LongA) Body's Longitude of ascending node [rad]: 1.418958 
(MeanLongitude) Orbital Mean Longitude [rad]: 0.601121 
(TotOrbEnergy) System's Total Orbital Energy [kg*m^2/sec^2]: -1.632601e+34 
(OrbPotEnergy) Body's Orbital Potential Energy [kg*m^2/sec^2]: -7.732352e+33 
(LostEnergy) Body's Total Lost Energy [kg*m^2/sec^2]: 1.823522e+27 
Mass-Radius Relationship: Bayless, A.J. & Orosz, J.A. 2006, ApJ, 651, 1155-1165.
----- EQTIDE PARAMETERS (ProximaC)------
(TidalRadius) Tidal Radius [m]: 1.399992e+07 
(DsemiDtEqtide) Total da/dt in EQTIDE [m/sec]: 2.493428e-16 
(DeccDtEqtide) Total de/dt in EQTIDE [/sec]: 3.105999e-29 
(DMeanMotionDtEqtide) Total dMeanMotion/dt in EQTIDE [/sec^2]: -6.472389e-35 
(DOrbPerDtEqtide) Total dOrbPer/dt in EQTIDE []: 2.770240e-19 
(EccTimeEqtide) Timescale for Eccentricity Evolution (e/[de/dt]) in EQTIDE [sec]: 3.232284e+26 
(SemiTimeEqtide) Timescale for Semi-major Axis Evolution (a/[da/dt]) in EQTIDE [sec]: 8.879535e+26 
(DHEccDtEqtide) Time Rate of Change of Poincare's h in EQTIDE [/sec]: 1.756651e-29 
(DKEccDtEqtide) Time Rate of Change of Poincare's k in EQTIDE [/sec]: 2.561524e-29 
(DXoblDtEqtide) Time Rate of Change of Laskar's X in EQTIDE [/sec]: 0.000000 
(DYoblDtEqtide) Time Rate of Change of Laskar's Y in EQTIDE [/sec]: 0.000000 
(DZoblDtEqtide) Time Rate of Change of Laskar's Z in EQTIDE [/sec]: 0.000000 
(LockTime) Time when body tidally locked. [sec]: -1.000000 
(BodyDsemiDtEqtide) Body's Contribution to dSemi/dt in EQTIDE []: -1.000000 
(BodyDeccDt) Body's Contribution to dEcc/dt in EQTIDE []: -1.000000 
(DOblDtEqtide) Time Rate of Change of Obliquity in EQTIDE [rad/sec]: 0.000000 
(DRotPerDtEqtide) Time Rate of Change of Rotation Period in EQTIDE []: 2.561964e-17 
(DRotRateDtEqtide) Time Rate of Change of Rotational Frequency in EQTIDE [/sec^2]: -2.156098e-26 
(EqRotPer) Equilibrium Rotation Period [sec]: 1.638905e+08 
(EqRotRate) Equilibrium Rotation Rate [/sec]: 3.833771e-08 
(OceanK2) K2_Ocean []: 0.010000 
(EnvTidalQ) Envelope Tidal Q []: -1.000000 
(OceanTidalQ) Ocean Tidal Q []: -1.000000 
(TidalTau) Tidal Time Lag [sec]: 100.000000 
(TideLock) Tidally Locked? []: 0.000000 
(RotTimeEqtide) Timescale for Rotational Evolution in EQTIDE [sec]: 3.372633e+21 
(EnvK2) K2_Env []: 0.010000 
(OblTimeEqtide) Timescale for Obliquity Evolution in EQTIDE []: -1.000000 
(PowerEqtide) Internal Power due to Tides in EQTIDE [kg*m^2/sec^3]: 8.254181e+09 
(SurfEnFluxEqtide) Surface Energy Flux due to Tides in EQTIDE [kg*m^2/sec^2/(m^2*sec)]: 3.351299e-06 
Tidal Perturbers: Proxima
----- DISTORB PARAMETERS (ProximaC)------
(Sinc) Body's sin(1/2*Inclination) in DistOrb []: 0.007215 
(Pinc) Body's p = s*sin(Omega) in DistOrb []: 0.007132 
(Qinc) Body's q = s* cos(Omega) in DistOrb []: 0.001091 
(DIncDtDistOrb) Body's dInc/dt in DistOrb [rad/sec]: -3.533909e-16 
(DSincDtDistOrb) Body's dsin(.5*Inc)/dt in DistOrb [/sec]: -1.766908e-16 
(DLongADtDistOrb) Body's dOmega/dt in DistOrb [rad/sec]: -2.900237e-14 
(DLongPDtDistOrb) Body's dvarpi/dt in DistOrb [rad/sec]: 5.462049e-16 
(DHeccDtDistOrb) Body's dh/dt in DistOrb [/sec]: 3.572329e-18 
(DKeccDtDistOrb) Body's dk/dt in DistOrb [/sec]: -4.486646e-18 
(DPincDtDistOrb) Body's dp/dt in DistOrb [/sec]: -2.063066e-16 
(DQincDtDistOrb) Body's dq/dt in DistOrb [/sec]: 1.801070e-16 
Output Order: Time[year] SemiMajorAxis[AU] Eccentricity[] Inc[deg] RotPer[days] LongA[deg] LongP[deg]
Grid Output Order:
